Using pre-set license

 COMMAND LINE ARGUMENTS:
/Applications/Unity/Hub/Editor/2020.2.2f1c1/Unity.app/Contents/MacOS/Unity
-adb2
-batchMode
-noUpm
-name
AssetImportWorker0
-projectPath
/Users/hang.wang/WebEye/TGCenter/ModooPlayDemo_Unity/ModooPlayDemo_Unity
-logFile
Logs/AssetImportWorker0.log
-srvPort
63891
Successfully changed project path to: /Users/hang.wang/WebEye/TGCenter/ModooPlayDemo_Unity/ModooPlayDemo_Unity
/Users/hang.wang/WebEye/TGCenter/ModooPlayDemo_Unity/ModooPlayDemo_Unity
Using Asset Import Pipeline V2.
Refreshing native plugins compatible for Editor in 48.14 ms, found 2 plugins.
Preloading 0 native plugins for Editor in 0.00 ms.
Initialize engine version: 2020.2.2f1c1 (e7e650540bb3)
[Subsystems] Discovering subsystems at path /Applications/Unity/Hub/Editor/2020.2.2f1c1/Unity.app/Contents/Resources/UnitySubsystems
[Subsystems] Discovering subsystems at path /Users/hang.wang/WebEye/TGCenter/ModooPlayDemo_Unity/ModooPlayDemo_Unity/Assets
GfxDevice: creating device client; threaded=0
2021-01-28 20:29:07.705 Unity[20732:569094] DELL U2718Q preferred device: AMD Radeon Pro 5300M (high power)
2021-01-28 20:29:07.705 Unity[20732:569094] Metal devices available: 2
2021-01-28 20:29:07.706 Unity[20732:569094] 0: AMD Radeon Pro 5300M (high power)
2021-01-28 20:29:07.706 Unity[20732:569094] 1: Intel(R) UHD Graphics 630 (low power)
2021-01-28 20:29:07.707 Unity[20732:569094] Using device AMD Radeon Pro 5300M (high power)
Initializing Metal device caps: AMD Radeon Pro 5300M
Initialize mono
Mono path[0] = '/Applications/Unity/Hub/Editor/2020.2.2f1c1/Unity.app/Contents/Managed'
Mono path[1] = '/Applications/Unity/Hub/Editor/2020.2.2f1c1/Unity.app/Contents/MonoBleedingEdge/lib/mono/unityjit'
Mono config path = '/Applications/Unity/Hub/Editor/2020.2.2f1c1/Unity.app/Contents/MonoBleedingEdge/etc'
Using monoOptions --debugger-agent=transport=dt_socket,embedding=1,server=y,suspend=n,address=127.0.0.1:56732
Begin MonoManager ReloadAssembly
Registering precompiled unity dll's ...
Register platform support module: /Applications/Unity/Hub/Editor/2020.2.2f1c1/Unity.app/Contents/PlaybackEngines/MacStandaloneSupport/UnityEditor.OSXStandalone.Extensions.dll
Registered in 0.002374 seconds.
Native extension for OSXStandalone target not found
Refreshing native plugins compatible for Editor in 42.44 ms, found 2 plugins.
Preloading 0 native plugins for Editor in 0.00 ms.
Invoked RoslynAnalysisRunner static constructor.
RoslynAnalysisRunner will not be running.
RoslynAnalysisRunner has terminated.
Mono: successfully reloaded assembly
- Completed reload, in  3.441 seconds
Platform modules already initialized, skipping
Registering precompiled user dll's ...
Registered in 0.004407 seconds.
Begin MonoManager ReloadAssembly
Native extension for OSXStandalone target not found
Refreshing native plugins compatible for Editor in 40.80 ms, found 2 plugins.
Preloading 0 native plugins for Editor in 0.00 ms.
Invoked RoslynAnalysisRunner static constructor.
RoslynAnalysisRunner will not be running.
RoslynAnalysisRunner has terminated.
Mono: successfully reloaded assembly
- Completed reload, in  1.341 seconds
Platform modules already initialized, skipping
========================================================================
Worker process is ready to serve import requests
Launching external process: /Applications/Unity/Hub/Editor/2020.2.2f1c1/Unity.app/Contents/Tools/UnityShaderCompiler
Launched and connected shader compiler UnityShaderCompiler after 0.02 seconds
Refreshing native plugins compatible for Editor in 0.37 ms, found 2 plugins.
Preloading 0 native plugins for Editor in 0.00 ms.
Unloading 1812 Unused Serialized files (Serialized files now loaded: 0)
System memory in use before: 147.5 MB.
System memory in use after: 147.5 MB.

Unloading 28 unused Assets to reduce memory usage. Loaded Objects now: 2253.
Total: 2.631118 ms (FindLiveObjects: 0.236065 ms CreateObjectMapping: 0.084340 ms MarkObjects: 2.086568 ms  DeleteObjects: 0.222820 ms)

========================================================================
Received Import Request.
  path: Assets/Plugins/Android/gradleTemplate.properties.DISABLED
  artifactKey: Guid(0bfa9f865fb1e45d9bdafc72ee5bb100) Importer(815301076,1909f56bfc062723c751e8b465ee728b)
Start importing Assets/Plugins/Android/gradleTemplate.properties.DISABLED using Guid(0bfa9f865fb1e45d9bdafc72ee5bb100) Importer(815301076,1909f56bfc062723c751e8b465ee728b)  -> (artifact id: 'a2fc6969347480fdd0423b1145a2e7d8') in 0.275191 seconds
  Import took 0.278356 seconds .

========================================================================
Received Import Request.
  Time since last request: 0.000203 seconds.
  path: Assets/Plugins/Android/AndroidManifest.xml.DISABLED
  artifactKey: Guid(07831862658f74afdac3d18d67b6319f) Importer(815301076,1909f56bfc062723c751e8b465ee728b)
Start importing Assets/Plugins/Android/AndroidManifest.xml.DISABLED using Guid(07831862658f74afdac3d18d67b6319f) Importer(815301076,1909f56bfc062723c751e8b465ee728b)  -> (artifact id: 'b5ef1718185ebd9ad2d6c1812c3602db') in 0.001958 seconds
  Import took 0.004402 seconds .

========================================================================
Received Import Request.
  Time since last request: 0.000168 seconds.
  path: Assets/Plugins/Android/baseProjectTemplate.gradle
  artifactKey: Guid(7b1cb4c6be8a84db8861c57d4c631ecd) Importer(815301076,1909f56bfc062723c751e8b465ee728b)
Start importing Assets/Plugins/Android/baseProjectTemplate.gradle using Guid(7b1cb4c6be8a84db8861c57d4c631ecd) Importer(815301076,1909f56bfc062723c751e8b465ee728b)  -> (artifact id: 'dd02c8d2f2412fd447689ffdee143d24') in 0.882705 seconds
  Import took 0.885930 seconds .

========================================================================
Received Import Request.
  Time since last request: 0.264386 seconds.
  path: Assets/Plugins/Android/LauncherManifest.xml.DISABLED
  artifactKey: Guid(485873914440e4827ae20f0adf7e4b03) Importer(815301076,1909f56bfc062723c751e8b465ee728b)
Start importing Assets/Plugins/Android/LauncherManifest.xml.DISABLED using Guid(485873914440e4827ae20f0adf7e4b03) Importer(815301076,1909f56bfc062723c751e8b465ee728b)  -> (artifact id: '245f5dfc83c448fb065b6dfa50ccc1f6') in 0.002088 seconds
  Import took 0.005256 seconds .

========================================================================
Received Import Request.
  Time since last request: 1.603278 seconds.
  path: Assets/Plugins/Android/launcherTemplate.gradle
  artifactKey: Guid(b5622e85592d647759ace1717b166d29) Importer(815301076,1909f56bfc062723c751e8b465ee728b)
Start importing Assets/Plugins/Android/launcherTemplate.gradle using Guid(b5622e85592d647759ace1717b166d29) Importer(815301076,1909f56bfc062723c751e8b465ee728b)  -> (artifact id: 'd30a84d5460fa227f393cf35c844d89f') in 0.001827 seconds
  Import took 0.004998 seconds .

========================================================================
Received Import Request.
  Time since last request: 1.270071 seconds.
  path: Assets/Plugins/Android/mainTemplate.gradle
  artifactKey: Guid(5b882a41c17814e37ab736b3536ec3a4) Importer(815301076,1909f56bfc062723c751e8b465ee728b)
Start importing Assets/Plugins/Android/mainTemplate.gradle using Guid(5b882a41c17814e37ab736b3536ec3a4) Importer(815301076,1909f56bfc062723c751e8b465ee728b)  -> (artifact id: '9b926f2e1ec49270d359cd69e9f220a2') in 0.002023 seconds
  Import took 0.004968 seconds .

========================================================================
Received Prepare
Registering precompiled user dll's ...
Registered in 0.001853 seconds.
Begin MonoManager ReloadAssembly
Native extension for OSXStandalone target not found
Refreshing native plugins compatible for Editor in 0.41 ms, found 2 plugins.
Preloading 0 native plugins for Editor in 0.00 ms.
Invoked RoslynAnalysisRunner static constructor.
RoslynAnalysisRunner will not be running.
RoslynAnalysisRunner has terminated.
Mono: successfully reloaded assembly
- Completed reload, in  1.297 seconds
Platform modules already initialized, skipping
Switching build target platform(2) subTarget(0) extendedPlatform(0) -> platform(13) subTarget(537395200) extendedPlatform(0)
Refreshing native plugins compatible for Editor in 0.40 ms, found 2 plugins.
Preloading 0 native plugins for Editor in 0.00 ms.
Unloading 1810 Unused Serialized files (Serialized files now loaded: 0)
System memory in use before: 156.9 MB.
System memory in use after: 156.9 MB.

Unloading 16 unused Assets to reduce memory usage. Loaded Objects now: 2256.
Total: 2.253860 ms (FindLiveObjects: 0.277331 ms CreateObjectMapping: 0.077250 ms MarkObjects: 1.797826 ms  DeleteObjects: 0.100530 ms)

AssetImportParameters requested are different than current active one (requested -> active):
  custom:graphics/normal-map-encoding: 01000000000000000000000000000000 -> 02000000000000000000000000000000
========================================================================
Received Prepare
Refreshing native plugins compatible for Editor in 4.95 ms, found 2 plugins.
Preloading 0 native plugins for Editor in 0.00 ms.
Unloading 14 Unused Serialized files (Serialized files now loaded: 0)
System memory in use before: 121.8 MB.
System memory in use after: 121.8 MB.

Unloading 14 unused Assets to reduce memory usage. Loaded Objects now: 2256.
Total: 2.836580 ms (FindLiveObjects: 0.796303 ms CreateObjectMapping: 0.109847 ms MarkObjects: 1.811767 ms  DeleteObjects: 0.117608 ms)

========================================================================
Received Prepare
Registering precompiled user dll's ...
Registered in 0.001216 seconds.
Begin MonoManager ReloadAssembly
Native extension for OSXStandalone target not found
Refreshing native plugins compatible for Editor in 0.37 ms, found 2 plugins.
Preloading 0 native plugins for Editor in 0.00 ms.
Invoked RoslynAnalysisRunner static constructor.
RoslynAnalysisRunner will not be running.
RoslynAnalysisRunner has terminated.
Mono: successfully reloaded assembly
- Completed reload, in  1.132 seconds
Platform modules already initialized, skipping
Switching build target platform(2) subTarget(0) extendedPlatform(0) -> platform(13) subTarget(537395200) extendedPlatform(0)
Refreshing native plugins compatible for Editor in 0.40 ms, found 2 plugins.
Preloading 0 native plugins for Editor in 0.00 ms.
Unloading 1810 Unused Serialized files (Serialized files now loaded: 0)
System memory in use before: 157.4 MB.
System memory in use after: 157.4 MB.

Unloading 16 unused Assets to reduce memory usage. Loaded Objects now: 2259.
Total: 2.108672 ms (FindLiveObjects: 0.191784 ms CreateObjectMapping: 0.065688 ms MarkObjects: 1.755383 ms  DeleteObjects: 0.094739 ms)

AssetImportParameters requested are different than current active one (requested -> active):
  custom:graphics/normal-map-encoding: 01000000000000000000000000000000 -> 02000000000000000000000000000000
========================================================================
Received Prepare
Refreshing native plugins compatible for Editor in 4.49 ms, found 2 plugins.
Preloading 0 native plugins for Editor in 0.00 ms.
Unloading 14 Unused Serialized files (Serialized files now loaded: 0)
System memory in use before: 122.2 MB.
System memory in use after: 122.2 MB.

Unloading 14 unused Assets to reduce memory usage. Loaded Objects now: 2259.
Total: 2.894407 ms (FindLiveObjects: 0.333419 ms CreateObjectMapping: 0.130395 ms MarkObjects: 2.287270 ms  DeleteObjects: 0.141359 ms)

========================================================================
Received Prepare
Registering precompiled user dll's ...
Registered in 0.001811 seconds.
Begin MonoManager ReloadAssembly
Native extension for OSXStandalone target not found
Refreshing native plugins compatible for Editor in 0.39 ms, found 2 plugins.
Preloading 0 native plugins for Editor in 0.00 ms.
Invoked RoslynAnalysisRunner static constructor.
RoslynAnalysisRunner will not be running.
RoslynAnalysisRunner has terminated.
Mono: successfully reloaded assembly
- Completed reload, in  1.447 seconds
Platform modules already initialized, skipping
Switching build target platform(2) subTarget(0) extendedPlatform(0) -> platform(13) subTarget(537395200) extendedPlatform(0)
Refreshing native plugins compatible for Editor in 0.43 ms, found 2 plugins.
Preloading 0 native plugins for Editor in 0.00 ms.
Unloading 1810 Unused Serialized files (Serialized files now loaded: 0)
System memory in use before: 157.8 MB.
System memory in use after: 157.8 MB.

Unloading 16 unused Assets to reduce memory usage. Loaded Objects now: 2262.
Total: 2.532460 ms (FindLiveObjects: 0.317886 ms CreateObjectMapping: 0.093591 ms MarkObjects: 2.006286 ms  DeleteObjects: 0.113460 ms)

AssetImportParameters requested are different than current active one (requested -> active):
  custom:graphics/normal-map-encoding: 01000000000000000000000000000000 -> 02000000000000000000000000000000
========================================================================
Received Prepare
Refreshing native plugins compatible for Editor in 2.32 ms, found 2 plugins.
Preloading 0 native plugins for Editor in 0.00 ms.
Unloading 14 Unused Serialized files (Serialized files now loaded: 0)
System memory in use before: 122.6 MB.
System memory in use after: 122.6 MB.

Unloading 14 unused Assets to reduce memory usage. Loaded Objects now: 2262.
Total: 2.156179 ms (FindLiveObjects: 0.211058 ms CreateObjectMapping: 0.068318 ms MarkObjects: 1.761631 ms  DeleteObjects: 0.113947 ms)

========================================================================
Received Prepare
Registering precompiled user dll's ...
Registered in 0.001243 seconds.
Begin MonoManager ReloadAssembly
Native extension for OSXStandalone target not found
Refreshing native plugins compatible for Editor in 0.38 ms, found 2 plugins.
Preloading 0 native plugins for Editor in 0.00 ms.
Invoked RoslynAnalysisRunner static constructor.
RoslynAnalysisRunner will not be running.
RoslynAnalysisRunner has terminated.
Mono: successfully reloaded assembly
- Completed reload, in  1.241 seconds
Platform modules already initialized, skipping
Switching build target platform(2) subTarget(0) extendedPlatform(0) -> platform(13) subTarget(537395200) extendedPlatform(0)
Refreshing native plugins compatible for Editor in 0.35 ms, found 2 plugins.
Preloading 0 native plugins for Editor in 0.00 ms.
Unloading 1810 Unused Serialized files (Serialized files now loaded: 0)
System memory in use before: 158.2 MB.
System memory in use after: 158.2 MB.

Unloading 16 unused Assets to reduce memory usage. Loaded Objects now: 2265.
Total: 2.873122 ms (FindLiveObjects: 0.266074 ms CreateObjectMapping: 0.087041 ms MarkObjects: 2.364871 ms  DeleteObjects: 0.153344 ms)

AssetImportParameters requested are different than current active one (requested -> active):
  custom:graphics/normal-map-encoding: 01000000000000000000000000000000 -> 02000000000000000000000000000000
========================================================================
Received Prepare
Refreshing native plugins compatible for Editor in 1.66 ms, found 2 plugins.
Preloading 0 native plugins for Editor in 0.00 ms.
Unloading 14 Unused Serialized files (Serialized files now loaded: 0)
System memory in use before: 123.0 MB.
System memory in use after: 123.1 MB.

Unloading 14 unused Assets to reduce memory usage. Loaded Objects now: 2265.
Total: 3.380578 ms (FindLiveObjects: 0.393605 ms CreateObjectMapping: 0.154444 ms MarkObjects: 2.640329 ms  DeleteObjects: 0.189470 ms)

========================================================================
Received Prepare
Registering precompiled user dll's ...
Registered in 0.001290 seconds.
Begin MonoManager ReloadAssembly
Native extension for OSXStandalone target not found
Refreshing native plugins compatible for Editor in 0.39 ms, found 2 plugins.
Preloading 0 native plugins for Editor in 0.00 ms.
Invoked RoslynAnalysisRunner static constructor.
RoslynAnalysisRunner will not be running.
RoslynAnalysisRunner has terminated.
Mono: successfully reloaded assembly
- Completed reload, in  1.281 seconds
Platform modules already initialized, skipping
Switching build target platform(2) subTarget(0) extendedPlatform(0) -> platform(13) subTarget(537395200) extendedPlatform(0)
Refreshing native plugins compatible for Editor in 0.37 ms, found 2 plugins.
Preloading 0 native plugins for Editor in 0.00 ms.
Unloading 1810 Unused Serialized files (Serialized files now loaded: 0)
System memory in use before: 158.6 MB.
System memory in use after: 158.7 MB.

Unloading 16 unused Assets to reduce memory usage. Loaded Objects now: 2268.
Total: 2.220429 ms (FindLiveObjects: 0.196858 ms CreateObjectMapping: 0.068149 ms MarkObjects: 1.853442 ms  DeleteObjects: 0.101045 ms)

AssetImportParameters requested are different than current active one (requested -> active):
  custom:graphics/normal-map-encoding: 01000000000000000000000000000000 -> 02000000000000000000000000000000
========================================================================
Received Prepare
Refreshing native plugins compatible for Editor in 2.09 ms, found 2 plugins.
Preloading 0 native plugins for Editor in 0.00 ms.
Unloading 14 Unused Serialized files (Serialized files now loaded: 0)
System memory in use before: 123.5 MB.
System memory in use after: 123.5 MB.

Unloading 14 unused Assets to reduce memory usage. Loaded Objects now: 2268.
Total: 2.291248 ms (FindLiveObjects: 0.263647 ms CreateObjectMapping: 0.077332 ms MarkObjects: 1.826167 ms  DeleteObjects: 0.122402 ms)

========================================================================
Received Prepare
Registering precompiled user dll's ...
Registered in 0.001291 seconds.
Begin MonoManager ReloadAssembly
Native extension for OSXStandalone target not found
Refreshing native plugins compatible for Editor in 0.39 ms, found 2 plugins.
Preloading 0 native plugins for Editor in 0.00 ms.
Invoked RoslynAnalysisRunner static constructor.
RoslynAnalysisRunner will not be running.
RoslynAnalysisRunner has terminated.
Mono: successfully reloaded assembly
- Completed reload, in  1.420 seconds
Platform modules already initialized, skipping
Switching build target platform(2) subTarget(0) extendedPlatform(0) -> platform(13) subTarget(537395200) extendedPlatform(0)
Refreshing native plugins compatible for Editor in 0.38 ms, found 2 plugins.
Preloading 0 native plugins for Editor in 0.00 ms.
Unloading 1810 Unused Serialized files (Serialized files now loaded: 0)
System memory in use before: 159.1 MB.
System memory in use after: 159.1 MB.

Unloading 16 unused Assets to reduce memory usage. Loaded Objects now: 2271.
Total: 2.393771 ms (FindLiveObjects: 0.277949 ms CreateObjectMapping: 0.072973 ms MarkObjects: 1.932416 ms  DeleteObjects: 0.109387 ms)

AssetImportParameters requested are different than current active one (requested -> active):
  custom:graphics/normal-map-encoding: 01000000000000000000000000000000 -> 02000000000000000000000000000000
========================================================================
Received Prepare
Refreshing native plugins compatible for Editor in 1.83 ms, found 2 plugins.
Preloading 0 native plugins for Editor in 0.00 ms.
Unloading 14 Unused Serialized files (Serialized files now loaded: 0)
System memory in use before: 123.9 MB.
System memory in use after: 123.9 MB.

Unloading 14 unused Assets to reduce memory usage. Loaded Objects now: 2271.
Total: 2.805606 ms (FindLiveObjects: 0.245156 ms CreateObjectMapping: 0.065106 ms MarkObjects: 2.358525 ms  DeleteObjects: 0.134570 ms)

========================================================================
Received Prepare
Registering precompiled user dll's ...
Registered in 0.011577 seconds.
Begin MonoManager ReloadAssembly
Native extension for OSXStandalone target not found
Refreshing native plugins compatible for Editor in 0.39 ms, found 2 plugins.
Preloading 0 native plugins for Editor in 0.00 ms.
Invoked RoslynAnalysisRunner static constructor.
RoslynAnalysisRunner will not be running.
RoslynAnalysisRunner has terminated.
Mono: successfully reloaded assembly
- Completed reload, in  1.529 seconds
Platform modules already initialized, skipping
Switching build target platform(2) subTarget(0) extendedPlatform(0) -> platform(13) subTarget(537395200) extendedPlatform(0)
Refreshing native plugins compatible for Editor in 0.39 ms, found 2 plugins.
Preloading 0 native plugins for Editor in 0.00 ms.
Unloading 1810 Unused Serialized files (Serialized files now loaded: 0)
System memory in use before: 159.5 MB.
System memory in use after: 159.5 MB.

Unloading 16 unused Assets to reduce memory usage. Loaded Objects now: 2274.
Total: 6.520787 ms (FindLiveObjects: 0.357291 ms CreateObjectMapping: 0.122957 ms MarkObjects: 5.882753 ms  DeleteObjects: 0.156225 ms)

AssetImportParameters requested are different than current active one (requested -> active):
  custom:graphics/normal-map-encoding: 01000000000000000000000000000000 -> 02000000000000000000000000000000
========================================================================
Received Prepare
Refreshing native plugins compatible for Editor in 3.09 ms, found 2 plugins.
Preloading 0 native plugins for Editor in 0.00 ms.
Unloading 14 Unused Serialized files (Serialized files now loaded: 0)
System memory in use before: 124.3 MB.
System memory in use after: 124.3 MB.

Unloading 14 unused Assets to reduce memory usage. Loaded Objects now: 2274.
Total: 2.575517 ms (FindLiveObjects: 0.192591 ms CreateObjectMapping: 0.064290 ms MarkObjects: 1.694742 ms  DeleteObjects: 0.623058 ms)

========================================================================
Received Prepare
Registering precompiled user dll's ...
Registered in 0.001182 seconds.
Begin MonoManager ReloadAssembly
Native extension for OSXStandalone target not found
Refreshing native plugins compatible for Editor in 0.36 ms, found 2 plugins.
Preloading 0 native plugins for Editor in 0.00 ms.
Invoked RoslynAnalysisRunner static constructor.
RoslynAnalysisRunner will not be running.
RoslynAnalysisRunner has terminated.
Mono: successfully reloaded assembly
- Completed reload, in  1.709 seconds
Platform modules already initialized, skipping
Switching build target platform(2) subTarget(0) extendedPlatform(0) -> platform(13) subTarget(537395200) extendedPlatform(0)
Refreshing native plugins compatible for Editor in 0.40 ms, found 2 plugins.
Preloading 0 native plugins for Editor in 0.00 ms.
Unloading 1810 Unused Serialized files (Serialized files now loaded: 0)
System memory in use before: 160.0 MB.
System memory in use after: 160.0 MB.

Unloading 16 unused Assets to reduce memory usage. Loaded Objects now: 2277.
Total: 2.456669 ms (FindLiveObjects: 0.310534 ms CreateObjectMapping: 0.083288 ms MarkObjects: 1.939390 ms  DeleteObjects: 0.122168 ms)

AssetImportParameters requested are different than current active one (requested -> active):
  custom:graphics/normal-map-encoding: 01000000000000000000000000000000 -> 02000000000000000000000000000000
========================================================================
Received Prepare
Refreshing native plugins compatible for Editor in 21.87 ms, found 2 plugins.
Preloading 0 native plugins for Editor in 0.00 ms.
Unloading 14 Unused Serialized files (Serialized files now loaded: 0)
System memory in use before: 124.8 MB.
System memory in use after: 124.8 MB.

Unloading 14 unused Assets to reduce memory usage. Loaded Objects now: 2277.
Total: 3.348990 ms (FindLiveObjects: 0.190927 ms CreateObjectMapping: 0.064294 ms MarkObjects: 1.655959 ms  DeleteObjects: 1.436482 ms)

